<?xml version="1.0" encoding="UTF-8"?>
<!-- Generated by org.testng.reporters.JUnitXMLReporter -->
<testsuite ignored="0" hostname="Gagan" failures="1" tests="3" name="Test-2" time="63.998" errors="0" timestamp="2024-05-04T15:44:45 IST">
  <testcase classname="com.comcast.crm.contacttest.CreateContactTest" name="createContactTest" time="16.167"/>
  <testcase classname="com.comcast.crm.contacttest.CreateContactTest" name="createContactWithOrgTest" time="0.004">
    <failure type="java.lang.Error" message="Unresolved compilation problems: 
	wlib cannot be resolved
	wlib cannot be resolved
">
      <![CDATA[java.lang.Error: Unresolved compilation problems: 
wlib cannot be resolved
wlib cannot be resolved

at com.comcast.crm.contacttest.CreateContactTest.createContactWithOrgTest(CreateContactTest.java:145)
at java.base/java.util.ArrayList.forEach(ArrayList.java:1511)
at java.base/java.util.concurrent.FutureTask.run(FutureTask.java:264)
at java.base/java.util.concurrent.ThreadPoolExecutor.runWorker(ThreadPoolExecutor.java:1136)
at java.base/java.util.concurrent.ThreadPoolExecutor$Worker.run(ThreadPoolExecutor.java:635)
at java.base/java.lang.Thread.run(Thread.java:840)
... Removed 17 stack frames]]>
    </failure>
  </testcase> <!-- createContactWithOrgTest -->
  <testcase classname="com.comcast.crm.contacttest.CreateContactTest" name="createContactWithSupportDateTest" time="18.154"/>
</testsuite> <!-- Test-2 -->
