<?xml version="1.0" encoding="UTF-8"?>
<!-- Generated by org.testng.reporters.JUnitReportReporter -->
<testsuite hostname="Gagan" failures="0" tests="1" name="practice.test.InvoiceTest2" time="9.807" errors="0" timestamp="2024-05-07T13:42:03 IST" skipped="0">
  <testcase classname="practice.test.InvoiceTest2" name="activateSim" time="9.807"/>
</testsuite> <!-- practice.test.InvoiceTest2 -->
